终端机在文法中未使用

    STR_CONST
    FOR
    ERROR
    TODO


状态 54 冲突：44 项归约/归约
状态 58 冲突：2 项偏移/归约
状态 123 冲突：1 项偏移/归约，2 项归约/归约
状态 169 冲突：1 项偏移/归约


语法

    0 $accept: Program $end

    1 Program: Comp_list

    2 Comp_list: CompUnit
    3          | Comp_list CompUnit

    4 CompUnit: Decl
    5         | FuncDef

    6 Decl: VarDecl
    7     | ConstDecl

    8 VarDecl: INT VarDef_list ';'
    9        | FLOAT VarDef_list ';'

   10 ConstDecl: CONST INT ConstDef_list ';'
   11          | CONST FLOAT ConstDef_list ';'

   12 VarDef_list: VarDef
   13            | VarDef_list ',' VarDef

   14 ConstDef_list: ConstDef
   15              | ConstDef_list ',' ConstDef

   16 FuncDef: INT IDENT '(' FuncFParams ')' Block
   17        | INT IDENT '(' ')' Block
   18        | NONE_TYPE IDENT '(' FuncFParams ')' Block
   19        | NONE_TYPE IDENT '(' ')' Block
   20        | FLOAT IDENT '(' FuncFParams ')' Block
   21        | FLOAT IDENT '(' ')' Block

   22 VarDef: IDENT '=' VarInitVal
   23       | IDENT
   24       | IDENT '[' Exp ']'
   25       | IDENT '[' Exp ']' '=' VarInitVal

   26 ConstDef: IDENT '=' ConstInitVal
   27         | IDENT '[' Exp ']' '=' ConstInitVal

   28 ConstInitVal: Exp
   29             | '{' '}'
   30             | '{' ConstInitVal_list '}'

   31 VarInitVal: Exp
   32           | '{' '}'
   33           | '{' VarInitVal_list '}'

   34 ConstInitVal_list: ConstInitVal
   35                  | ConstInitVal_list ',' ConstInitVal

   36 VarInitVal_list: VarInitVal
   37                | VarInitVal_list ',' VarInitVal

   38 FuncFParams: FuncFParam
   39            | FuncFParams ',' FuncFParam

   40 FuncFParam: INT IDENT
   41           | FLOAT IDENT
   42           | NONE_TYPE IDENT

   43 Block: '{' BlockItem_list '}'
   44      | '{' '}'

   45 BlockItem_list: BlockItem
   46               | BlockItem_list BlockItem

   47 BlockItem: Decl
   48          | Stmt

   49 Stmt: Exp ';'
   50     | Lval '=' Exp
   51     | Block
   52     | IF '(' Cond ')' Stmt
   53     | IF '(' Cond ')' Stmt ELSE Stmt
   54     | WHILE '(' Cond ')' Stmt
   55     | RETURN Exp ';'
   56     | RETURN ';'
   57     | BREAK ';'
   58     | CONTINUE ';'

   59 Exp: AddExp
   60    | UnaryExp
   61    | PrimaryExp

   62 Cond: LOrExp

   63 UnaryExp: PrimaryExp
   64         | IDENT '(' FuncRParams ')'
   65         | IDENT '(' ')'
   66         | '+' UnaryExp
   67         | '-' UnaryExp
   68         | '!' UnaryExp

   69 Lval: IDENT '[' Exp ']'

   70 PrimaryExp: '(' Exp ')'
   71           | ConstExp

   72 IntConst: INT_CONST

   73 FloatConst: FLOAT_CONST

   74 FuncRParams: Exp
   75            | FuncRParams ',' Exp
   76            | Exp_list

   77 Exp_list: Exp ',' Exp_list
   78         | Exp

   79 MulExp: PrimaryExp
   80       | MulExp '*' UnaryExp
   81       | MulExp '/' UnaryExp
   82       | MulExp '%' UnaryExp

   83 AddExp: MulExp
   84       | AddExp '+' MulExp
   85       | AddExp '-' MulExp

   86 RelExp: AddExp
   87       | RelExp '<' AddExp
   88       | RelExp '>' AddExp
   89       | RelExp LEQ AddExp
   90       | RelExp GEQ AddExp

   91 EqExp: RelExp
   92      | EqExp EQ RelExp
   93      | EqExp NE RelExp

   94 LAndExp: EqExp
   95        | LAndExp AND EqExp

   96 LOrExp: LAndExp
   97       | LOrExp OR LAndExp

   98 ConstExp: IntConst
   99         | FloatConst


终结语词，附有它们出现处的规则

    $end (0) 0
    '!' (33) 68
    '%' (37) 82
    '(' (40) 16 17 18 19 20 21 52 53 54 64 65 70
    ')' (41) 16 17 18 19 20 21 52 53 54 64 65 70
    '*' (42) 80
    '+' (43) 66 84
    ',' (44) 13 15 35 37 39 75 77
    '-' (45) 67 85
    '/' (47) 81
    ';' (59) 8 9 10 11 49 55 56 57 58
    '<' (60) 87
    '=' (61) 22 25 26 27 50
    '>' (62) 88
    '[' (91) 24 25 27 69
    ']' (93) 24 25 27 69
    '{' (123) 29 30 32 33 43 44
    '}' (125) 29 30 32 33 43 44
    error (256)
    STR_CONST <symbol_token> (258)
    IDENT <symbol_token> (259) 16 17 18 19 20 21 22 23 24 25 26 27 40 41 42 64 65 69
    FLOAT_CONST <float_token> (260) 73
    INT_CONST <int_token> (261) 72
    LEQ (262) 89
    GEQ (263) 90
    EQ (264) 92
    NE (265) 93
    AND (266) 95
    OR (267) 97
    CONST (268) 10 11
    IF (269) 52 53
    ELSE (270) 53
    WHILE (271) 54
    NONE_TYPE (272) 18 19 42
    INT (273) 8 10 16 17 40
    FLOAT (274) 9 11 20 21 41
    FOR (275)
    RETURN (276) 55 56
    BREAK (277) 57
    CONTINUE (278) 58
    ERROR (279)
    TODO (280)
    IDENT_FUNC (281)
    THEN (282)


非终结语词，附有它们出现处的规则

    $accept (45)
        on left: 0
    Program <program> (46)
        on left: 1
        on right: 0
    Comp_list <comps> (47)
        on left: 2 3
        on right: 1 3
    CompUnit <comp_unit> (48)
        on left: 4 5
        on right: 2 3
    Decl <decl> (49)
        on left: 6 7
        on right: 4 47
    VarDecl <decl> (50)
        on left: 8 9
        on right: 6
    ConstDecl <decl> (51)
        on left: 10 11
        on right: 7
    VarDef_list <defs> (52)
        on left: 12 13
        on right: 8 9 13
    ConstDef_list <defs> (53)
        on left: 14 15
        on right: 10 11 15
    FuncDef <func_def> (54)
        on left: 16 17 18 19 20 21
        on right: 5
    VarDef <def> (55)
        on left: 22 23 24 25
        on right: 12 13
    ConstDef <def> (56)
        on left: 26 27
        on right: 14 15
    ConstInitVal <initval> (57)
        on left: 28 29 30
        on right: 26 27 34 35
    VarInitVal <initval> (58)
        on left: 31 32 33
        on right: 22 25 36 37
    ConstInitVal_list <initvals> (59)
        on left: 34 35
        on right: 30 35
    VarInitVal_list <initvals> (60)
        on left: 36 37
        on right: 33 37
    FuncFParams <formals> (61)
        on left: 38 39
        on right: 16 18 20 39
    FuncFParam <formal> (62)
        on left: 40 41 42
        on right: 38 39
    Block <block> (63)
        on left: 43 44
        on right: 16 17 18 19 20 21 51
    BlockItem_list <block_items> (64)
        on left: 45 46
        on right: 43 46
    BlockItem <block_item> (65)
        on left: 47 48
        on right: 45 46
    Stmt <stmt> (66)
        on left: 49 50 51 52 53 54 55 56 57 58
        on right: 48 52 53 54
    Exp <expression> (67)
        on left: 59 60 61
        on right: 24 25 27 28 31 49 50 55 69 70 74 75 77 78
    Cond <expression> (68)
        on left: 62
        on right: 52 53 54
    UnaryExp <expression> (69)
        on left: 63 64 65 66 67 68
        on right: 60 66 67 68 80 81 82
    Lval <expression> (70)
        on left: 69
        on right: 50
    PrimaryExp <expression> (71)
        on left: 70 71
        on right: 61 63 79
    IntConst <expression> (72)
        on left: 72
        on right: 98
    FloatConst <expression> (73)
        on left: 73
        on right: 99
    FuncRParams <expression> (74)
        on left: 74 75 76
        on right: 64 75
    Exp_list <expressions> (75)
        on left: 77 78
        on right: 76 77
    MulExp <expression> (76)
        on left: 79 80 81 82
        on right: 80 81 82 83 84 85
    AddExp <expression> (77)
        on left: 83 84 85
        on right: 59 84 85 86 87 88 89 90
    RelExp <expression> (78)
        on left: 86 87 88 89 90
        on right: 87 88 89 90 91 92 93
    EqExp <expression> (79)
        on left: 91 92 93
        on right: 92 93 94 95
    LAndExp <expression> (80)
        on left: 94 95
        on right: 95 96 97
    LOrExp <expression> (81)
        on left: 96 97
        on right: 62 97
    ConstExp <expression> (82)
        on left: 98 99
        on right: 71


状态 0

    0 $accept: • Program $end

    CONST      偏移，并进入状态 1
    NONE_TYPE  偏移，并进入状态 2
    INT        偏移，并进入状态 3
    FLOAT      偏移，并进入状态 4

    Program    转到状态 5
    Comp_list  转到状态 6
    CompUnit   转到状态 7
    Decl       转到状态 8
    VarDecl    转到状态 9
    ConstDecl  转到状态 10
    FuncDef    转到状态 11


状态 1

   10 ConstDecl: CONST • INT ConstDef_list ';'
   11          | CONST • FLOAT ConstDef_list ';'

    INT    偏移，并进入状态 12
    FLOAT  偏移，并进入状态 13


状态 2

   18 FuncDef: NONE_TYPE • IDENT '(' FuncFParams ')' Block
   19        | NONE_TYPE • IDENT '(' ')' Block

    IDENT  偏移，并进入状态 14


状态 3

    8 VarDecl: INT • VarDef_list ';'
   16 FuncDef: INT • IDENT '(' FuncFParams ')' Block
   17        | INT • IDENT '(' ')' Block

    IDENT  偏移，并进入状态 15

    VarDef_list  转到状态 16
    VarDef       转到状态 17


状态 4

    9 VarDecl: FLOAT • VarDef_list ';'
   20 FuncDef: FLOAT • IDENT '(' FuncFParams ')' Block
   21        | FLOAT • IDENT '(' ')' Block

    IDENT  偏移，并进入状态 18

    VarDef_list  转到状态 19
    VarDef       转到状态 17


状态 5

    0 $accept: Program • $end

    $end  偏移，并进入状态 20


状态 6

    1 Program: Comp_list •
    3 Comp_list: Comp_list • CompUnit

    CONST      偏移，并进入状态 1
    NONE_TYPE  偏移，并进入状态 2
    INT        偏移，并进入状态 3
    FLOAT      偏移，并进入状态 4

    $default  使用规则 1 以归约 (Program)

    CompUnit   转到状态 21
    Decl       转到状态 8
    VarDecl    转到状态 9
    ConstDecl  转到状态 10
    FuncDef    转到状态 11


状态 7

    2 Comp_list: CompUnit •

    $default  使用规则 2 以归约 (Comp_list)


状态 8

    4 CompUnit: Decl •

    $default  使用规则 4 以归约 (CompUnit)


状态 9

    6 Decl: VarDecl •

    $default  使用规则 6 以归约 (Decl)


状态 10

    7 Decl: ConstDecl •

    $default  使用规则 7 以归约 (Decl)


状态 11

    5 CompUnit: FuncDef •

    $default  使用规则 5 以归约 (CompUnit)


状态 12

   10 ConstDecl: CONST INT • ConstDef_list ';'

    IDENT  偏移，并进入状态 22

    ConstDef_list  转到状态 23
    ConstDef       转到状态 24


状态 13

   11 ConstDecl: CONST FLOAT • ConstDef_list ';'

    IDENT  偏移，并进入状态 22

    ConstDef_list  转到状态 25
    ConstDef       转到状态 24


状态 14

   18 FuncDef: NONE_TYPE IDENT • '(' FuncFParams ')' Block
   19        | NONE_TYPE IDENT • '(' ')' Block

    '('  偏移，并进入状态 26


状态 15

   16 FuncDef: INT IDENT • '(' FuncFParams ')' Block
   17        | INT IDENT • '(' ')' Block
   22 VarDef: IDENT • '=' VarInitVal
   23       | IDENT •
   24       | IDENT • '[' Exp ']'
   25       | IDENT • '[' Exp ']' '=' VarInitVal

    '['  偏移，并进入状态 27
    '('  偏移，并进入状态 28
    '='  偏移，并进入状态 29

    $default  使用规则 23 以归约 (VarDef)


状态 16

    8 VarDecl: INT VarDef_list • ';'
   13 VarDef_list: VarDef_list • ',' VarDef

    ';'  偏移，并进入状态 30
    ','  偏移，并进入状态 31


状态 17

   12 VarDef_list: VarDef •

    $default  使用规则 12 以归约 (VarDef_list)


状态 18

   20 FuncDef: FLOAT IDENT • '(' FuncFParams ')' Block
   21        | FLOAT IDENT • '(' ')' Block
   22 VarDef: IDENT • '=' VarInitVal
   23       | IDENT •
   24       | IDENT • '[' Exp ']'
   25       | IDENT • '[' Exp ']' '=' VarInitVal

    '['  偏移，并进入状态 27
    '('  偏移，并进入状态 32
    '='  偏移，并进入状态 29

    $default  使用规则 23 以归约 (VarDef)


状态 19

    9 VarDecl: FLOAT VarDef_list • ';'
   13 VarDef_list: VarDef_list • ',' VarDef

    ';'  偏移，并进入状态 33
    ','  偏移，并进入状态 31


状态 20

    0 $accept: Program $end •

    $default  接受


状态 21

    3 Comp_list: Comp_list CompUnit •

    $default  使用规则 3 以归约 (Comp_list)


状态 22

   26 ConstDef: IDENT • '=' ConstInitVal
   27         | IDENT • '[' Exp ']' '=' ConstInitVal

    '['  偏移，并进入状态 34
    '='  偏移，并进入状态 35


状态 23

   10 ConstDecl: CONST INT ConstDef_list • ';'
   15 ConstDef_list: ConstDef_list • ',' ConstDef

    ';'  偏移，并进入状态 36
    ','  偏移，并进入状态 37


状态 24

   14 ConstDef_list: ConstDef •

    $default  使用规则 14 以归约 (ConstDef_list)


状态 25

   11 ConstDecl: CONST FLOAT ConstDef_list • ';'
   15 ConstDef_list: ConstDef_list • ',' ConstDef

    ';'  偏移，并进入状态 38
    ','  偏移，并进入状态 37


状态 26

   18 FuncDef: NONE_TYPE IDENT '(' • FuncFParams ')' Block
   19        | NONE_TYPE IDENT '(' • ')' Block

    NONE_TYPE  偏移，并进入状态 39
    INT        偏移，并进入状态 40
    FLOAT      偏移，并进入状态 41
    ')'        偏移，并进入状态 42

    FuncFParams  转到状态 43
    FuncFParam   转到状态 44


状态 27

   24 VarDef: IDENT '[' • Exp ']'
   25       | IDENT '[' • Exp ']' '=' VarInitVal

    IDENT        偏移，并进入状态 45
    FLOAT_CONST  偏移，并进入状态 46
    INT_CONST    偏移，并进入状态 47
    '('          偏移，并进入状态 48
    '+'          偏移，并进入状态 49
    '-'          偏移，并进入状态 50
    '!'          偏移，并进入状态 51

    Exp         转到状态 52
    UnaryExp    转到状态 53
    PrimaryExp  转到状态 54
    IntConst    转到状态 55
    FloatConst  转到状态 56
    MulExp      转到状态 57
    AddExp      转到状态 58
    ConstExp    转到状态 59


状态 28

   16 FuncDef: INT IDENT '(' • FuncFParams ')' Block
   17        | INT IDENT '(' • ')' Block

    NONE_TYPE  偏移，并进入状态 39
    INT        偏移，并进入状态 40
    FLOAT      偏移，并进入状态 41
    ')'        偏移，并进入状态 60

    FuncFParams  转到状态 61
    FuncFParam   转到状态 44


状态 29

   22 VarDef: IDENT '=' • VarInitVal

    IDENT        偏移，并进入状态 45
    FLOAT_CONST  偏移，并进入状态 46
    INT_CONST    偏移，并进入状态 47
    '('          偏移，并进入状态 48
    '{'          偏移，并进入状态 62
    '+'          偏移，并进入状态 49
    '-'          偏移，并进入状态 50
    '!'          偏移，并进入状态 51

    VarInitVal  转到状态 63
    Exp         转到状态 64
    UnaryExp    转到状态 53
    PrimaryExp  转到状态 54
    IntConst    转到状态 55
    FloatConst  转到状态 56
    MulExp      转到状态 57
    AddExp      转到状态 58
    ConstExp    转到状态 59


状态 30

    8 VarDecl: INT VarDef_list ';' •

    $default  使用规则 8 以归约 (VarDecl)


状态 31

   13 VarDef_list: VarDef_list ',' • VarDef

    IDENT  偏移，并进入状态 65

    VarDef  转到状态 66


状态 32

   20 FuncDef: FLOAT IDENT '(' • FuncFParams ')' Block
   21        | FLOAT IDENT '(' • ')' Block

    NONE_TYPE  偏移，并进入状态 39
    INT        偏移，并进入状态 40
    FLOAT      偏移，并进入状态 41
    ')'        偏移，并进入状态 67

    FuncFParams  转到状态 68
    FuncFParam   转到状态 44


状态 33

    9 VarDecl: FLOAT VarDef_list ';' •

    $default  使用规则 9 以归约 (VarDecl)


状态 34

   27 ConstDef: IDENT '[' • Exp ']' '=' ConstInitVal

    IDENT        偏移，并进入状态 45
    FLOAT_CONST  偏移，并进入状态 46
    INT_CONST    偏移，并进入状态 47
    '('          偏移，并进入状态 48
    '+'          偏移，并进入状态 49
    '-'          偏移，并进入状态 50
    '!'          偏移，并进入状态 51

    Exp         转到状态 69
    UnaryExp    转到状态 53
    PrimaryExp  转到状态 54
    IntConst    转到状态 55
    FloatConst  转到状态 56
    MulExp      转到状态 57
    AddExp      转到状态 58
    ConstExp    转到状态 59


状态 35

   26 ConstDef: IDENT '=' • ConstInitVal

    IDENT        偏移，并进入状态 45
    FLOAT_CONST  偏移，并进入状态 46
    INT_CONST    偏移，并进入状态 47
    '('          偏移，并进入状态 48
    '{'          偏移，并进入状态 70
    '+'          偏移，并进入状态 49
    '-'          偏移，并进入状态 50
    '!'          偏移，并进入状态 51

    ConstInitVal  转到状态 71
    Exp           转到状态 72
    UnaryExp      转到状态 53
    PrimaryExp    转到状态 54
    IntConst      转到状态 55
    FloatConst    转到状态 56
    MulExp        转到状态 57
    AddExp        转到状态 58
    ConstExp      转到状态 59


状态 36

   10 ConstDecl: CONST INT ConstDef_list ';' •

    $default  使用规则 10 以归约 (ConstDecl)


状态 37

   15 ConstDef_list: ConstDef_list ',' • ConstDef

    IDENT  偏移，并进入状态 22

    ConstDef  转到状态 73


状态 38

   11 ConstDecl: CONST FLOAT ConstDef_list ';' •

    $default  使用规则 11 以归约 (ConstDecl)


状态 39

   42 FuncFParam: NONE_TYPE • IDENT

    IDENT  偏移，并进入状态 74


状态 40

   40 FuncFParam: INT • IDENT

    IDENT  偏移，并进入状态 75


状态 41

   41 FuncFParam: FLOAT • IDENT

    IDENT  偏移，并进入状态 76


状态 42

   19 FuncDef: NONE_TYPE IDENT '(' ')' • Block

    '{'  偏移，并进入状态 77

    Block  转到状态 78


状态 43

   18 FuncDef: NONE_TYPE IDENT '(' FuncFParams • ')' Block
   39 FuncFParams: FuncFParams • ',' FuncFParam

    ','  偏移，并进入状态 79
    ')'  偏移，并进入状态 80


状态 44

   38 FuncFParams: FuncFParam •

    $default  使用规则 38 以归约 (FuncFParams)


状态 45

   64 UnaryExp: IDENT • '(' FuncRParams ')'
   65         | IDENT • '(' ')'

    '('  偏移，并进入状态 81


状态 46

   73 FloatConst: FLOAT_CONST •

    $default  使用规则 73 以归约 (FloatConst)


状态 47

   72 IntConst: INT_CONST •

    $default  使用规则 72 以归约 (IntConst)


状态 48

   70 PrimaryExp: '(' • Exp ')'

    IDENT        偏移，并进入状态 45
    FLOAT_CONST  偏移，并进入状态 46
    INT_CONST    偏移，并进入状态 47
    '('          偏移，并进入状态 48
    '+'          偏移，并进入状态 49
    '-'          偏移，并进入状态 50
    '!'          偏移，并进入状态 51

    Exp         转到状态 82
    UnaryExp    转到状态 53
    PrimaryExp  转到状态 54
    IntConst    转到状态 55
    FloatConst  转到状态 56
    MulExp      转到状态 57
    AddExp      转到状态 58
    ConstExp    转到状态 59


状态 49

   66 UnaryExp: '+' • UnaryExp

    IDENT        偏移，并进入状态 45
    FLOAT_CONST  偏移，并进入状态 46
    INT_CONST    偏移，并进入状态 47
    '('          偏移，并进入状态 48
    '+'          偏移，并进入状态 49
    '-'          偏移，并进入状态 50
    '!'          偏移，并进入状态 51

    UnaryExp    转到状态 83
    PrimaryExp  转到状态 84
    IntConst    转到状态 55
    FloatConst  转到状态 56
    ConstExp    转到状态 59


状态 50

   67 UnaryExp: '-' • UnaryExp

    IDENT        偏移，并进入状态 45
    FLOAT_CONST  偏移，并进入状态 46
    INT_CONST    偏移，并进入状态 47
    '('          偏移，并进入状态 48
    '+'          偏移，并进入状态 49
    '-'          偏移，并进入状态 50
    '!'          偏移，并进入状态 51

    UnaryExp    转到状态 85
    PrimaryExp  转到状态 84
    IntConst    转到状态 55
    FloatConst  转到状态 56
    ConstExp    转到状态 59


状态 51

   68 UnaryExp: '!' • UnaryExp

    IDENT        偏移，并进入状态 45
    FLOAT_CONST  偏移，并进入状态 46
    INT_CONST    偏移，并进入状态 47
    '('          偏移，并进入状态 48
    '+'          偏移，并进入状态 49
    '-'          偏移，并进入状态 50
    '!'          偏移，并进入状态 51

    UnaryExp    转到状态 86
    PrimaryExp  转到状态 84
    IntConst    转到状态 55
    FloatConst  转到状态 56
    ConstExp    转到状态 59


状态 52

   24 VarDef: IDENT '[' Exp • ']'
   25       | IDENT '[' Exp • ']' '=' VarInitVal

    ']'  偏移，并进入状态 87


状态 53

   60 Exp: UnaryExp •

    $default  使用规则 60 以归约 (Exp)


状态 54

   61 Exp: PrimaryExp •
   63 UnaryExp: PrimaryExp •
   79 MulExp: PrimaryExp •

    IDENT        使用规则 61 以归约 (Exp)
    IDENT        [使用规则 63 以归约 (UnaryExp)]
    IDENT        [使用规则 79 以归约 (MulExp)]
    FLOAT_CONST  使用规则 61 以归约 (Exp)
    FLOAT_CONST  [使用规则 63 以归约 (UnaryExp)]
    FLOAT_CONST  [使用规则 79 以归约 (MulExp)]
    INT_CONST    使用规则 61 以归约 (Exp)
    INT_CONST    [使用规则 63 以归约 (UnaryExp)]
    INT_CONST    [使用规则 79 以归约 (MulExp)]
    CONST        使用规则 61 以归约 (Exp)
    CONST        [使用规则 63 以归约 (UnaryExp)]
    CONST        [使用规则 79 以归约 (MulExp)]
    IF           使用规则 61 以归约 (Exp)
    IF           [使用规则 63 以归约 (UnaryExp)]
    IF           [使用规则 79 以归约 (MulExp)]
    ELSE         使用规则 61 以归约 (Exp)
    ELSE         [使用规则 63 以归约 (UnaryExp)]
    ELSE         [使用规则 79 以归约 (MulExp)]
    WHILE        使用规则 61 以归约 (Exp)
    WHILE        [使用规则 63 以归约 (UnaryExp)]
    WHILE        [使用规则 79 以归约 (MulExp)]
    INT          使用规则 61 以归约 (Exp)
    INT          [使用规则 63 以归约 (UnaryExp)]
    INT          [使用规则 79 以归约 (MulExp)]
    FLOAT        使用规则 61 以归约 (Exp)
    FLOAT        [使用规则 63 以归约 (UnaryExp)]
    FLOAT        [使用规则 79 以归约 (MulExp)]
    RETURN       使用规则 61 以归约 (Exp)
    RETURN       [使用规则 63 以归约 (UnaryExp)]
    RETURN       [使用规则 79 以归约 (MulExp)]
    BREAK        使用规则 61 以归约 (Exp)
    BREAK        [使用规则 63 以归约 (UnaryExp)]
    BREAK        [使用规则 79 以归约 (MulExp)]
    CONTINUE     使用规则 61 以归约 (Exp)
    CONTINUE     [使用规则 63 以归约 (UnaryExp)]
    CONTINUE     [使用规则 79 以归约 (MulExp)]
    ';'          使用规则 61 以归约 (Exp)
    ';'          [使用规则 63 以归约 (UnaryExp)]
    ';'          [使用规则 79 以归约 (MulExp)]
    ','          使用规则 61 以归约 (Exp)
    ','          [使用规则 63 以归约 (UnaryExp)]
    ','          [使用规则 79 以归约 (MulExp)]
    '('          使用规则 61 以归约 (Exp)
    '('          [使用规则 63 以归约 (UnaryExp)]
    '('          [使用规则 79 以归约 (MulExp)]
    ')'          使用规则 61 以归约 (Exp)
    ')'          [使用规则 63 以归约 (UnaryExp)]
    ')'          [使用规则 79 以归约 (MulExp)]
    ']'          使用规则 61 以归约 (Exp)
    ']'          [使用规则 63 以归约 (UnaryExp)]
    ']'          [使用规则 79 以归约 (MulExp)]
    '{'          使用规则 61 以归约 (Exp)
    '{'          [使用规则 63 以归约 (UnaryExp)]
    '{'          [使用规则 79 以归约 (MulExp)]
    '}'          使用规则 61 以归约 (Exp)
    '}'          [使用规则 63 以归约 (UnaryExp)]
    '}'          [使用规则 79 以归约 (MulExp)]
    '+'          使用规则 61 以归约 (Exp)
    '+'          [使用规则 63 以归约 (UnaryExp)]
    '+'          [使用规则 79 以归约 (MulExp)]
    '-'          使用规则 61 以归约 (Exp)
    '-'          [使用规则 63 以归约 (UnaryExp)]
    '-'          [使用规则 79 以归约 (MulExp)]
    '!'          使用规则 61 以归约 (Exp)
    '!'          [使用规则 63 以归约 (UnaryExp)]
    '!'          [使用规则 79 以归约 (MulExp)]
    '*'          使用规则 79 以归约 (MulExp)
    '/'          使用规则 79 以归约 (MulExp)
    '%'          使用规则 79 以归约 (MulExp)
    $default     使用规则 61 以归约 (Exp)

    reduce/reduce conflict on tokens IDENT, FLOAT_CONST, INT_CONST, CONST, IF, ELSE, WHILE, INT, FLOAT, RETURN, BREAK, CONTINUE, ';', ',', '(', ')', ']', '{', '}', '+', '-', '!':
       61 Exp: PrimaryExp •
       63 UnaryExp: PrimaryExp •
      Example: PrimaryExp •
      First reduce derivation
        Exp
        ↳ 61: PrimaryExp •
      Second reduce derivation
        Exp
        ↳ 60: UnaryExp
              ↳ 63: PrimaryExp •

    reduce/reduce conflict on tokens IDENT, FLOAT_CONST, INT_CONST, CONST, IF, ELSE, WHILE, INT, FLOAT, RETURN, BREAK, CONTINUE, ';', ',', '(', ')', ']', '{', '}', '+', '-', '!':
       61 Exp: PrimaryExp •
       79 MulExp: PrimaryExp •
      Example: PrimaryExp •
      First reduce derivation
        Exp
        ↳ 61: PrimaryExp •
      Second reduce derivation
        Exp
        ↳ 59: AddExp
              ↳ 83: MulExp
                    ↳ 79: PrimaryExp •

    reduce/reduce conflict on tokens IDENT, FLOAT_CONST, INT_CONST, CONST, IF, ELSE, WHILE, INT, FLOAT, RETURN, BREAK, CONTINUE, ';', ',', '(', ')', ']', '{', '}', '+', '-', '!':
       63 UnaryExp: PrimaryExp •
       79 MulExp: PrimaryExp •
      Example: PrimaryExp •
      First reduce derivation
        Exp
        ↳ 60: UnaryExp
              ↳ 63: PrimaryExp •
      Second reduce derivation
        Exp
        ↳ 59: AddExp
              ↳ 83: MulExp
                    ↳ 79: PrimaryExp •



状态 55

   98 ConstExp: IntConst •

    $default  使用规则 98 以归约 (ConstExp)


状态 56

   99 ConstExp: FloatConst •

    $default  使用规则 99 以归约 (ConstExp)


状态 57

   80 MulExp: MulExp • '*' UnaryExp
   81       | MulExp • '/' UnaryExp
   82       | MulExp • '%' UnaryExp
   83 AddExp: MulExp •

    '*'  偏移，并进入状态 88
    '/'  偏移，并进入状态 89
    '%'  偏移，并进入状态 90

    $default  使用规则 83 以归约 (AddExp)


状态 58

   59 Exp: AddExp •
   84 AddExp: AddExp • '+' MulExp
   85       | AddExp • '-' MulExp

    '+'  偏移，并进入状态 91
    '-'  偏移，并进入状态 92

    '+'       [使用规则 59 以归约 (Exp)]
    '-'       [使用规则 59 以归约 (Exp)]
    $default  使用规则 59 以归约 (Exp)

    shift/reduce conflict on token '+':
       59 Exp: AddExp •
       84 AddExp: AddExp • '+' MulExp
      First example: BlockItem
      Shift derivation
        BlockItem_list
        ↳ 46: BlockItem
      Second example: PrimaryExp
      Reduce derivation
        BlockItem_list
        ↳ 46: PrimaryExp BlockItem
                         ↳ 48: ε

    shift/reduce conflict on token '-':
       59 Exp: AddExp •
       85 AddExp: AddExp • '-' MulExp
      First example: BlockItem
      Shift derivation
        BlockItem_list
        ↳ 46: BlockItem
      Second example: PrimaryExp
      Reduce derivation
        BlockItem_list
        ↳ 46: PrimaryExp BlockItem
                         ↳ 48: ε



状态 59

   71 PrimaryExp: ConstExp •

    $default  使用规则 71 以归约 (PrimaryExp)


状态 60

   17 FuncDef: INT IDENT '(' ')' • Block

    '{'  偏移，并进入状态 77

    Block  转到状态 93


状态 61

   16 FuncDef: INT IDENT '(' FuncFParams • ')' Block
   39 FuncFParams: FuncFParams • ',' FuncFParam

    ','  偏移，并进入状态 79
    ')'  偏移，并进入状态 94


状态 62

   32 VarInitVal: '{' • '}'
   33           | '{' • VarInitVal_list '}'

    IDENT        偏移，并进入状态 45
    FLOAT_CONST  偏移，并进入状态 46
    INT_CONST    偏移，并进入状态 47
    '('          偏移，并进入状态 48
    '{'          偏移，并进入状态 62
    '}'          偏移，并进入状态 95
    '+'          偏移，并进入状态 49
    '-'          偏移，并进入状态 50
    '!'          偏移，并进入状态 51

    VarInitVal       转到状态 96
    VarInitVal_list  转到状态 97
    Exp              转到状态 64
    UnaryExp         转到状态 53
    PrimaryExp       转到状态 54
    IntConst         转到状态 55
    FloatConst       转到状态 56
    MulExp           转到状态 57
    AddExp           转到状态 58
    ConstExp         转到状态 59


状态 63

   22 VarDef: IDENT '=' VarInitVal •

    $default  使用规则 22 以归约 (VarDef)


状态 64

   31 VarInitVal: Exp •

    $default  使用规则 31 以归约 (VarInitVal)


状态 65

   22 VarDef: IDENT • '=' VarInitVal
   23       | IDENT •
   24       | IDENT • '[' Exp ']'
   25       | IDENT • '[' Exp ']' '=' VarInitVal

    '['  偏移，并进入状态 27
    '='  偏移，并进入状态 29

    $default  使用规则 23 以归约 (VarDef)


状态 66

   13 VarDef_list: VarDef_list ',' VarDef •

    $default  使用规则 13 以归约 (VarDef_list)


状态 67

   21 FuncDef: FLOAT IDENT '(' ')' • Block

    '{'  偏移，并进入状态 77

    Block  转到状态 98


状态 68

   20 FuncDef: FLOAT IDENT '(' FuncFParams • ')' Block
   39 FuncFParams: FuncFParams • ',' FuncFParam

    ','  偏移，并进入状态 79
    ')'  偏移，并进入状态 99


状态 69

   27 ConstDef: IDENT '[' Exp • ']' '=' ConstInitVal

    ']'  偏移，并进入状态 100


状态 70

   29 ConstInitVal: '{' • '}'
   30             | '{' • ConstInitVal_list '}'

    IDENT        偏移，并进入状态 45
    FLOAT_CONST  偏移，并进入状态 46
    INT_CONST    偏移，并进入状态 47
    '('          偏移，并进入状态 48
    '{'          偏移，并进入状态 70
    '}'          偏移，并进入状态 101
    '+'          偏移，并进入状态 49
    '-'          偏移，并进入状态 50
    '!'          偏移，并进入状态 51

    ConstInitVal       转到状态 102
    ConstInitVal_list  转到状态 103
    Exp                转到状态 72
    UnaryExp           转到状态 53
    PrimaryExp         转到状态 54
    IntConst           转到状态 55
    FloatConst         转到状态 56
    MulExp             转到状态 57
    AddExp             转到状态 58
    ConstExp           转到状态 59


状态 71

   26 ConstDef: IDENT '=' ConstInitVal •

    $default  使用规则 26 以归约 (ConstDef)


状态 72

   28 ConstInitVal: Exp •

    $default  使用规则 28 以归约 (ConstInitVal)


状态 73

   15 ConstDef_list: ConstDef_list ',' ConstDef •

    $default  使用规则 15 以归约 (ConstDef_list)


状态 74

   42 FuncFParam: NONE_TYPE IDENT •

    $default  使用规则 42 以归约 (FuncFParam)


状态 75

   40 FuncFParam: INT IDENT •

    $default  使用规则 40 以归约 (FuncFParam)


状态 76

   41 FuncFParam: FLOAT IDENT •

    $default  使用规则 41 以归约 (FuncFParam)


状态 77

   43 Block: '{' • BlockItem_list '}'
   44      | '{' • '}'

    IDENT        偏移，并进入状态 104
    FLOAT_CONST  偏移，并进入状态 46
    INT_CONST    偏移，并进入状态 47
    CONST        偏移，并进入状态 1
    IF           偏移，并进入状态 105
    WHILE        偏移，并进入状态 106
    INT          偏移，并进入状态 107
    FLOAT        偏移，并进入状态 108
    RETURN       偏移，并进入状态 109
    BREAK        偏移，并进入状态 110
    CONTINUE     偏移，并进入状态 111
    '('          偏移，并进入状态 48
    '{'          偏移，并进入状态 77
    '}'          偏移，并进入状态 112
    '+'          偏移，并进入状态 49
    '-'          偏移，并进入状态 50
    '!'          偏移，并进入状态 51

    Decl            转到状态 113
    VarDecl         转到状态 9
    ConstDecl       转到状态 10
    Block           转到状态 114
    BlockItem_list  转到状态 115
    BlockItem       转到状态 116
    Stmt            转到状态 117
    Exp             转到状态 118
    UnaryExp        转到状态 53
    Lval            转到状态 119
    PrimaryExp      转到状态 54
    IntConst        转到状态 55
    FloatConst      转到状态 56
    MulExp          转到状态 57
    AddExp          转到状态 58
    ConstExp        转到状态 59


状态 78

   19 FuncDef: NONE_TYPE IDENT '(' ')' Block •

    $default  使用规则 19 以归约 (FuncDef)


状态 79

   39 FuncFParams: FuncFParams ',' • FuncFParam

    NONE_TYPE  偏移，并进入状态 39
    INT        偏移，并进入状态 40
    FLOAT      偏移，并进入状态 41

    FuncFParam  转到状态 120


状态 80

   18 FuncDef: NONE_TYPE IDENT '(' FuncFParams ')' • Block

    '{'  偏移，并进入状态 77

    Block  转到状态 121


状态 81

   64 UnaryExp: IDENT '(' • FuncRParams ')'
   65         | IDENT '(' • ')'

    IDENT        偏移，并进入状态 45
    FLOAT_CONST  偏移，并进入状态 46
    INT_CONST    偏移，并进入状态 47
    '('          偏移，并进入状态 48
    ')'          偏移，并进入状态 122
    '+'          偏移，并进入状态 49
    '-'          偏移，并进入状态 50
    '!'          偏移，并进入状态 51

    Exp          转到状态 123
    UnaryExp     转到状态 53
    PrimaryExp   转到状态 54
    IntConst     转到状态 55
    FloatConst   转到状态 56
    FuncRParams  转到状态 124
    Exp_list     转到状态 125
    MulExp       转到状态 57
    AddExp       转到状态 58
    ConstExp     转到状态 59


状态 82

   70 PrimaryExp: '(' Exp • ')'

    ')'  偏移，并进入状态 126


状态 83

   66 UnaryExp: '+' UnaryExp •

    $default  使用规则 66 以归约 (UnaryExp)


状态 84

   63 UnaryExp: PrimaryExp •

    $default  使用规则 63 以归约 (UnaryExp)


状态 85

   67 UnaryExp: '-' UnaryExp •

    $default  使用规则 67 以归约 (UnaryExp)


状态 86

   68 UnaryExp: '!' UnaryExp •

    $default  使用规则 68 以归约 (UnaryExp)


状态 87

   24 VarDef: IDENT '[' Exp ']' •
   25       | IDENT '[' Exp ']' • '=' VarInitVal

    '='  偏移，并进入状态 127

    $default  使用规则 24 以归约 (VarDef)


状态 88

   80 MulExp: MulExp '*' • UnaryExp

    IDENT        偏移，并进入状态 45
    FLOAT_CONST  偏移，并进入状态 46
    INT_CONST    偏移，并进入状态 47
    '('          偏移，并进入状态 48
    '+'          偏移，并进入状态 49
    '-'          偏移，并进入状态 50
    '!'          偏移，并进入状态 51

    UnaryExp    转到状态 128
    PrimaryExp  转到状态 84
    IntConst    转到状态 55
    FloatConst  转到状态 56
    ConstExp    转到状态 59


状态 89

   81 MulExp: MulExp '/' • UnaryExp

    IDENT        偏移，并进入状态 45
    FLOAT_CONST  偏移，并进入状态 46
    INT_CONST    偏移，并进入状态 47
    '('          偏移，并进入状态 48
    '+'          偏移，并进入状态 49
    '-'          偏移，并进入状态 50
    '!'          偏移，并进入状态 51

    UnaryExp    转到状态 129
    PrimaryExp  转到状态 84
    IntConst    转到状态 55
    FloatConst  转到状态 56
    ConstExp    转到状态 59


状态 90

   82 MulExp: MulExp '%' • UnaryExp

    IDENT        偏移，并进入状态 45
    FLOAT_CONST  偏移，并进入状态 46
    INT_CONST    偏移，并进入状态 47
    '('          偏移，并进入状态 48
    '+'          偏移，并进入状态 49
    '-'          偏移，并进入状态 50
    '!'          偏移，并进入状态 51

    UnaryExp    转到状态 130
    PrimaryExp  转到状态 84
    IntConst    转到状态 55
    FloatConst  转到状态 56
    ConstExp    转到状态 59


状态 91

   84 AddExp: AddExp '+' • MulExp

    FLOAT_CONST  偏移，并进入状态 46
    INT_CONST    偏移，并进入状态 47
    '('          偏移，并进入状态 48

    PrimaryExp  转到状态 131
    IntConst    转到状态 55
    FloatConst  转到状态 56
    MulExp      转到状态 132
    ConstExp    转到状态 59


状态 92

   85 AddExp: AddExp '-' • MulExp

    FLOAT_CONST  偏移，并进入状态 46
    INT_CONST    偏移，并进入状态 47
    '('          偏移，并进入状态 48

    PrimaryExp  转到状态 131
    IntConst    转到状态 55
    FloatConst  转到状态 56
    MulExp      转到状态 133
    ConstExp    转到状态 59


状态 93

   17 FuncDef: INT IDENT '(' ')' Block •

    $default  使用规则 17 以归约 (FuncDef)


状态 94

   16 FuncDef: INT IDENT '(' FuncFParams ')' • Block

    '{'  偏移，并进入状态 77

    Block  转到状态 134


状态 95

   32 VarInitVal: '{' '}' •

    $default  使用规则 32 以归约 (VarInitVal)


状态 96

   36 VarInitVal_list: VarInitVal •

    $default  使用规则 36 以归约 (VarInitVal_list)


状态 97

   33 VarInitVal: '{' VarInitVal_list • '}'
   37 VarInitVal_list: VarInitVal_list • ',' VarInitVal

    ','  偏移，并进入状态 135
    '}'  偏移，并进入状态 136


状态 98

   21 FuncDef: FLOAT IDENT '(' ')' Block •

    $default  使用规则 21 以归约 (FuncDef)


状态 99

   20 FuncDef: FLOAT IDENT '(' FuncFParams ')' • Block

    '{'  偏移，并进入状态 77

    Block  转到状态 137


状态 100

   27 ConstDef: IDENT '[' Exp ']' • '=' ConstInitVal

    '='  偏移，并进入状态 138


状态 101

   29 ConstInitVal: '{' '}' •

    $default  使用规则 29 以归约 (ConstInitVal)


状态 102

   34 ConstInitVal_list: ConstInitVal •

    $default  使用规则 34 以归约 (ConstInitVal_list)


状态 103

   30 ConstInitVal: '{' ConstInitVal_list • '}'
   35 ConstInitVal_list: ConstInitVal_list • ',' ConstInitVal

    ','  偏移，并进入状态 139
    '}'  偏移，并进入状态 140


状态 104

   64 UnaryExp: IDENT • '(' FuncRParams ')'
   65         | IDENT • '(' ')'
   69 Lval: IDENT • '[' Exp ']'

    '['  偏移，并进入状态 141
    '('  偏移，并进入状态 81


状态 105

   52 Stmt: IF • '(' Cond ')' Stmt
   53     | IF • '(' Cond ')' Stmt ELSE Stmt

    '('  偏移，并进入状态 142


状态 106

   54 Stmt: WHILE • '(' Cond ')' Stmt

    '('  偏移，并进入状态 143


状态 107

    8 VarDecl: INT • VarDef_list ';'

    IDENT  偏移，并进入状态 65

    VarDef_list  转到状态 16
    VarDef       转到状态 17


状态 108

    9 VarDecl: FLOAT • VarDef_list ';'

    IDENT  偏移，并进入状态 65

    VarDef_list  转到状态 19
    VarDef       转到状态 17


状态 109

   55 Stmt: RETURN • Exp ';'
   56     | RETURN • ';'

    IDENT        偏移，并进入状态 45
    FLOAT_CONST  偏移，并进入状态 46
    INT_CONST    偏移，并进入状态 47
    ';'          偏移，并进入状态 144
    '('          偏移，并进入状态 48
    '+'          偏移，并进入状态 49
    '-'          偏移，并进入状态 50
    '!'          偏移，并进入状态 51

    Exp         转到状态 145
    UnaryExp    转到状态 53
    PrimaryExp  转到状态 54
    IntConst    转到状态 55
    FloatConst  转到状态 56
    MulExp      转到状态 57
    AddExp      转到状态 58
    ConstExp    转到状态 59


状态 110

   57 Stmt: BREAK • ';'

    ';'  偏移，并进入状态 146


状态 111

   58 Stmt: CONTINUE • ';'

    ';'  偏移，并进入状态 147


状态 112

   44 Block: '{' '}' •

    $default  使用规则 44 以归约 (Block)


状态 113

   47 BlockItem: Decl •

    $default  使用规则 47 以归约 (BlockItem)


状态 114

   51 Stmt: Block •

    $default  使用规则 51 以归约 (Stmt)


状态 115

   43 Block: '{' BlockItem_list • '}'
   46 BlockItem_list: BlockItem_list • BlockItem

    IDENT        偏移，并进入状态 104
    FLOAT_CONST  偏移，并进入状态 46
    INT_CONST    偏移，并进入状态 47
    CONST        偏移，并进入状态 1
    IF           偏移，并进入状态 105
    WHILE        偏移，并进入状态 106
    INT          偏移，并进入状态 107
    FLOAT        偏移，并进入状态 108
    RETURN       偏移，并进入状态 109
    BREAK        偏移，并进入状态 110
    CONTINUE     偏移，并进入状态 111
    '('          偏移，并进入状态 48
    '{'          偏移，并进入状态 77
    '}'          偏移，并进入状态 148
    '+'          偏移，并进入状态 49
    '-'          偏移，并进入状态 50
    '!'          偏移，并进入状态 51

    Decl        转到状态 113
    VarDecl     转到状态 9
    ConstDecl   转到状态 10
    Block       转到状态 114
    BlockItem   转到状态 149
    Stmt        转到状态 117
    Exp         转到状态 118
    UnaryExp    转到状态 53
    Lval        转到状态 119
    PrimaryExp  转到状态 54
    IntConst    转到状态 55
    FloatConst  转到状态 56
    MulExp      转到状态 57
    AddExp      转到状态 58
    ConstExp    转到状态 59


状态 116

   45 BlockItem_list: BlockItem •

    $default  使用规则 45 以归约 (BlockItem_list)


状态 117

   48 BlockItem: Stmt •

    $default  使用规则 48 以归约 (BlockItem)


状态 118

   49 Stmt: Exp • ';'

    ';'  偏移，并进入状态 150


状态 119

   50 Stmt: Lval • '=' Exp

    '='  偏移，并进入状态 151


状态 120

   39 FuncFParams: FuncFParams ',' FuncFParam •

    $default  使用规则 39 以归约 (FuncFParams)


状态 121

   18 FuncDef: NONE_TYPE IDENT '(' FuncFParams ')' Block •

    $default  使用规则 18 以归约 (FuncDef)


状态 122

   65 UnaryExp: IDENT '(' ')' •

    $default  使用规则 65 以归约 (UnaryExp)


状态 123

   74 FuncRParams: Exp •
   77 Exp_list: Exp • ',' Exp_list
   78         | Exp •

    ','  偏移，并进入状态 152

    ','       [使用规则 74 以归约 (FuncRParams)]
    ','       [使用规则 78 以归约 (Exp_list)]
    ')'       使用规则 74 以归约 (FuncRParams)
    ')'       [使用规则 78 以归约 (Exp_list)]
    $default  使用规则 74 以归约 (FuncRParams)

    shift/reduce conflict on token ',':
       74 FuncRParams: Exp •
       77 Exp_list: Exp • ',' Exp_list
      Example: Exp • ',' Exp
      Shift derivation
        FuncRParams
        ↳ 76: Exp_list
              ↳ 77: Exp • Exp_list
                          ↳ 78: ',' Exp
      Reduce derivation
        FuncRParams
        ↳ 75: FuncRParams ',' Exp
              ↳ 74: Exp •

    reduce/reduce conflict on tokens ',', ')':
       74 FuncRParams: Exp •
       78 Exp_list: Exp •
      Example: Exp •
      First reduce derivation
        FuncRParams
        ↳ 74: Exp •
      Second reduce derivation
        FuncRParams
        ↳ 76: Exp_list
              ↳ 78: Exp •

    shift/reduce conflict on token ',':
       78 Exp_list: Exp •
       77 Exp_list: Exp • ',' Exp_list
      Example: Exp • ',' Exp
      Shift derivation
        FuncRParams
        ↳ 76: Exp_list
              ↳ 77: Exp • Exp_list
                          ↳ 78: ',' Exp
      Reduce derivation
        FuncRParams
        ↳ 75: FuncRParams       ',' Exp
              ↳ 76: Exp_list
                    ↳ 78: Exp •



状态 124

   64 UnaryExp: IDENT '(' FuncRParams • ')'
   75 FuncRParams: FuncRParams • ',' Exp

    ','  偏移，并进入状态 153
    ')'  偏移，并进入状态 154


状态 125

   76 FuncRParams: Exp_list •

    $default  使用规则 76 以归约 (FuncRParams)


状态 126

   70 PrimaryExp: '(' Exp ')' •

    $default  使用规则 70 以归约 (PrimaryExp)


状态 127

   25 VarDef: IDENT '[' Exp ']' '=' • VarInitVal

    IDENT        偏移，并进入状态 45
    FLOAT_CONST  偏移，并进入状态 46
    INT_CONST    偏移，并进入状态 47
    '('          偏移，并进入状态 48
    '{'          偏移，并进入状态 62
    '+'          偏移，并进入状态 49
    '-'          偏移，并进入状态 50
    '!'          偏移，并进入状态 51

    VarInitVal  转到状态 155
    Exp         转到状态 64
    UnaryExp    转到状态 53
    PrimaryExp  转到状态 54
    IntConst    转到状态 55
    FloatConst  转到状态 56
    MulExp      转到状态 57
    AddExp      转到状态 58
    ConstExp    转到状态 59


状态 128

   80 MulExp: MulExp '*' UnaryExp •

    $default  使用规则 80 以归约 (MulExp)


状态 129

   81 MulExp: MulExp '/' UnaryExp •

    $default  使用规则 81 以归约 (MulExp)


状态 130

   82 MulExp: MulExp '%' UnaryExp •

    $default  使用规则 82 以归约 (MulExp)


状态 131

   79 MulExp: PrimaryExp •

    $default  使用规则 79 以归约 (MulExp)


状态 132

   80 MulExp: MulExp • '*' UnaryExp
   81       | MulExp • '/' UnaryExp
   82       | MulExp • '%' UnaryExp
   84 AddExp: AddExp '+' MulExp •

    '*'  偏移，并进入状态 88
    '/'  偏移，并进入状态 89
    '%'  偏移，并进入状态 90

    $default  使用规则 84 以归约 (AddExp)


状态 133

   80 MulExp: MulExp • '*' UnaryExp
   81       | MulExp • '/' UnaryExp
   82       | MulExp • '%' UnaryExp
   85 AddExp: AddExp '-' MulExp •

    '*'  偏移，并进入状态 88
    '/'  偏移，并进入状态 89
    '%'  偏移，并进入状态 90

    $default  使用规则 85 以归约 (AddExp)


状态 134

   16 FuncDef: INT IDENT '(' FuncFParams ')' Block •

    $default  使用规则 16 以归约 (FuncDef)


状态 135

   37 VarInitVal_list: VarInitVal_list ',' • VarInitVal

    IDENT        偏移，并进入状态 45
    FLOAT_CONST  偏移，并进入状态 46
    INT_CONST    偏移，并进入状态 47
    '('          偏移，并进入状态 48
    '{'          偏移，并进入状态 62
    '+'          偏移，并进入状态 49
    '-'          偏移，并进入状态 50
    '!'          偏移，并进入状态 51

    VarInitVal  转到状态 156
    Exp         转到状态 64
    UnaryExp    转到状态 53
    PrimaryExp  转到状态 54
    IntConst    转到状态 55
    FloatConst  转到状态 56
    MulExp      转到状态 57
    AddExp      转到状态 58
    ConstExp    转到状态 59


状态 136

   33 VarInitVal: '{' VarInitVal_list '}' •

    $default  使用规则 33 以归约 (VarInitVal)


状态 137

   20 FuncDef: FLOAT IDENT '(' FuncFParams ')' Block •

    $default  使用规则 20 以归约 (FuncDef)


状态 138

   27 ConstDef: IDENT '[' Exp ']' '=' • ConstInitVal

    IDENT        偏移，并进入状态 45
    FLOAT_CONST  偏移，并进入状态 46
    INT_CONST    偏移，并进入状态 47
    '('          偏移，并进入状态 48
    '{'          偏移，并进入状态 70
    '+'          偏移，并进入状态 49
    '-'          偏移，并进入状态 50
    '!'          偏移，并进入状态 51

    ConstInitVal  转到状态 157
    Exp           转到状态 72
    UnaryExp      转到状态 53
    PrimaryExp    转到状态 54
    IntConst      转到状态 55
    FloatConst    转到状态 56
    MulExp        转到状态 57
    AddExp        转到状态 58
    ConstExp      转到状态 59


状态 139

   35 ConstInitVal_list: ConstInitVal_list ',' • ConstInitVal

    IDENT        偏移，并进入状态 45
    FLOAT_CONST  偏移，并进入状态 46
    INT_CONST    偏移，并进入状态 47
    '('          偏移，并进入状态 48
    '{'          偏移，并进入状态 70
    '+'          偏移，并进入状态 49
    '-'          偏移，并进入状态 50
    '!'          偏移，并进入状态 51

    ConstInitVal  转到状态 158
    Exp           转到状态 72
    UnaryExp      转到状态 53
    PrimaryExp    转到状态 54
    IntConst      转到状态 55
    FloatConst    转到状态 56
    MulExp        转到状态 57
    AddExp        转到状态 58
    ConstExp      转到状态 59


状态 140

   30 ConstInitVal: '{' ConstInitVal_list '}' •

    $default  使用规则 30 以归约 (ConstInitVal)


状态 141

   69 Lval: IDENT '[' • Exp ']'

    IDENT        偏移，并进入状态 45
    FLOAT_CONST  偏移，并进入状态 46
    INT_CONST    偏移，并进入状态 47
    '('          偏移，并进入状态 48
    '+'          偏移，并进入状态 49
    '-'          偏移，并进入状态 50
    '!'          偏移，并进入状态 51

    Exp         转到状态 159
    UnaryExp    转到状态 53
    PrimaryExp  转到状态 54
    IntConst    转到状态 55
    FloatConst  转到状态 56
    MulExp      转到状态 57
    AddExp      转到状态 58
    ConstExp    转到状态 59


状态 142

   52 Stmt: IF '(' • Cond ')' Stmt
   53     | IF '(' • Cond ')' Stmt ELSE Stmt

    FLOAT_CONST  偏移，并进入状态 46
    INT_CONST    偏移，并进入状态 47
    '('          偏移，并进入状态 48

    Cond        转到状态 160
    PrimaryExp  转到状态 131
    IntConst    转到状态 55
    FloatConst  转到状态 56
    MulExp      转到状态 57
    AddExp      转到状态 161
    RelExp      转到状态 162
    EqExp       转到状态 163
    LAndExp     转到状态 164
    LOrExp      转到状态 165
    ConstExp    转到状态 59


状态 143

   54 Stmt: WHILE '(' • Cond ')' Stmt

    FLOAT_CONST  偏移，并进入状态 46
    INT_CONST    偏移，并进入状态 47
    '('          偏移，并进入状态 48

    Cond        转到状态 166
    PrimaryExp  转到状态 131
    IntConst    转到状态 55
    FloatConst  转到状态 56
    MulExp      转到状态 57
    AddExp      转到状态 161
    RelExp      转到状态 162
    EqExp       转到状态 163
    LAndExp     转到状态 164
    LOrExp      转到状态 165
    ConstExp    转到状态 59


状态 144

   56 Stmt: RETURN ';' •

    $default  使用规则 56 以归约 (Stmt)


状态 145

   55 Stmt: RETURN Exp • ';'

    ';'  偏移，并进入状态 167


状态 146

   57 Stmt: BREAK ';' •

    $default  使用规则 57 以归约 (Stmt)


状态 147

   58 Stmt: CONTINUE ';' •

    $default  使用规则 58 以归约 (Stmt)


状态 148

   43 Block: '{' BlockItem_list '}' •

    $default  使用规则 43 以归约 (Block)


状态 149

   46 BlockItem_list: BlockItem_list BlockItem •

    $default  使用规则 46 以归约 (BlockItem_list)


状态 150

   49 Stmt: Exp ';' •

    $default  使用规则 49 以归约 (Stmt)


状态 151

   50 Stmt: Lval '=' • Exp

    IDENT        偏移，并进入状态 45
    FLOAT_CONST  偏移，并进入状态 46
    INT_CONST    偏移，并进入状态 47
    '('          偏移，并进入状态 48
    '+'          偏移，并进入状态 49
    '-'          偏移，并进入状态 50
    '!'          偏移，并进入状态 51

    Exp         转到状态 168
    UnaryExp    转到状态 53
    PrimaryExp  转到状态 54
    IntConst    转到状态 55
    FloatConst  转到状态 56
    MulExp      转到状态 57
    AddExp      转到状态 58
    ConstExp    转到状态 59


状态 152

   77 Exp_list: Exp ',' • Exp_list

    IDENT        偏移，并进入状态 45
    FLOAT_CONST  偏移，并进入状态 46
    INT_CONST    偏移，并进入状态 47
    '('          偏移，并进入状态 48
    '+'          偏移，并进入状态 49
    '-'          偏移，并进入状态 50
    '!'          偏移，并进入状态 51

    Exp         转到状态 169
    UnaryExp    转到状态 53
    PrimaryExp  转到状态 54
    IntConst    转到状态 55
    FloatConst  转到状态 56
    Exp_list    转到状态 170
    MulExp      转到状态 57
    AddExp      转到状态 58
    ConstExp    转到状态 59


状态 153

   75 FuncRParams: FuncRParams ',' • Exp

    IDENT        偏移，并进入状态 45
    FLOAT_CONST  偏移，并进入状态 46
    INT_CONST    偏移，并进入状态 47
    '('          偏移，并进入状态 48
    '+'          偏移，并进入状态 49
    '-'          偏移，并进入状态 50
    '!'          偏移，并进入状态 51

    Exp         转到状态 171
    UnaryExp    转到状态 53
    PrimaryExp  转到状态 54
    IntConst    转到状态 55
    FloatConst  转到状态 56
    MulExp      转到状态 57
    AddExp      转到状态 58
    ConstExp    转到状态 59


状态 154

   64 UnaryExp: IDENT '(' FuncRParams ')' •

    $default  使用规则 64 以归约 (UnaryExp)


状态 155

   25 VarDef: IDENT '[' Exp ']' '=' VarInitVal •

    $default  使用规则 25 以归约 (VarDef)


状态 156

   37 VarInitVal_list: VarInitVal_list ',' VarInitVal •

    $default  使用规则 37 以归约 (VarInitVal_list)


状态 157

   27 ConstDef: IDENT '[' Exp ']' '=' ConstInitVal •

    $default  使用规则 27 以归约 (ConstDef)


状态 158

   35 ConstInitVal_list: ConstInitVal_list ',' ConstInitVal •

    $default  使用规则 35 以归约 (ConstInitVal_list)


状态 159

   69 Lval: IDENT '[' Exp • ']'

    ']'  偏移，并进入状态 172


状态 160

   52 Stmt: IF '(' Cond • ')' Stmt
   53     | IF '(' Cond • ')' Stmt ELSE Stmt

    ')'  偏移，并进入状态 173


状态 161

   84 AddExp: AddExp • '+' MulExp
   85       | AddExp • '-' MulExp
   86 RelExp: AddExp •

    '+'  偏移，并进入状态 91
    '-'  偏移，并进入状态 92

    $default  使用规则 86 以归约 (RelExp)


状态 162

   87 RelExp: RelExp • '<' AddExp
   88       | RelExp • '>' AddExp
   89       | RelExp • LEQ AddExp
   90       | RelExp • GEQ AddExp
   91 EqExp: RelExp •

    LEQ  偏移，并进入状态 174
    GEQ  偏移，并进入状态 175
    '<'  偏移，并进入状态 176
    '>'  偏移，并进入状态 177

    $default  使用规则 91 以归约 (EqExp)


状态 163

   92 EqExp: EqExp • EQ RelExp
   93      | EqExp • NE RelExp
   94 LAndExp: EqExp •

    EQ  偏移，并进入状态 178
    NE  偏移，并进入状态 179

    $default  使用规则 94 以归约 (LAndExp)


状态 164

   95 LAndExp: LAndExp • AND EqExp
   96 LOrExp: LAndExp •

    AND  偏移，并进入状态 180

    $default  使用规则 96 以归约 (LOrExp)


状态 165

   62 Cond: LOrExp •
   97 LOrExp: LOrExp • OR LAndExp

    OR  偏移，并进入状态 181

    $default  使用规则 62 以归约 (Cond)


状态 166

   54 Stmt: WHILE '(' Cond • ')' Stmt

    ')'  偏移，并进入状态 182


状态 167

   55 Stmt: RETURN Exp ';' •

    $default  使用规则 55 以归约 (Stmt)


状态 168

   50 Stmt: Lval '=' Exp •

    $default  使用规则 50 以归约 (Stmt)


状态 169

   77 Exp_list: Exp • ',' Exp_list
   78         | Exp •

    ','  偏移，并进入状态 152

    ','       [使用规则 78 以归约 (Exp_list)]
    $default  使用规则 78 以归约 (Exp_list)

    shift/reduce conflict on token ',':
       78 Exp_list: Exp •
       77 Exp_list: Exp • ',' Exp_list
      Example: Exp ',' Exp • ',' Exp
      Shift derivation
        FuncRParams
        ↳ 76: Exp_list
              ↳ 77: Exp ',' Exp_list
                            ↳ 77: Exp • Exp_list
                                        ↳ 78: ',' Exp
      Reduce derivation
        FuncRParams
        ↳ 75: FuncRParams                     ',' Exp
              ↳ 76: Exp_list
                    ↳ 77: Exp ',' Exp_list
                                  ↳ 78: Exp •



状态 170

   77 Exp_list: Exp ',' Exp_list •

    $default  使用规则 77 以归约 (Exp_list)


状态 171

   75 FuncRParams: FuncRParams ',' Exp •

    $default  使用规则 75 以归约 (FuncRParams)


状态 172

   69 Lval: IDENT '[' Exp ']' •

    $default  使用规则 69 以归约 (Lval)


状态 173

   52 Stmt: IF '(' Cond ')' • Stmt
   53     | IF '(' Cond ')' • Stmt ELSE Stmt

    IDENT        偏移，并进入状态 104
    FLOAT_CONST  偏移，并进入状态 46
    INT_CONST    偏移，并进入状态 47
    IF           偏移，并进入状态 105
    WHILE        偏移，并进入状态 106
    RETURN       偏移，并进入状态 109
    BREAK        偏移，并进入状态 110
    CONTINUE     偏移，并进入状态 111
    '('          偏移，并进入状态 48
    '{'          偏移，并进入状态 77
    '+'          偏移，并进入状态 49
    '-'          偏移，并进入状态 50
    '!'          偏移，并进入状态 51

    Block       转到状态 114
    Stmt        转到状态 183
    Exp         转到状态 118
    UnaryExp    转到状态 53
    Lval        转到状态 119
    PrimaryExp  转到状态 54
    IntConst    转到状态 55
    FloatConst  转到状态 56
    MulExp      转到状态 57
    AddExp      转到状态 58
    ConstExp    转到状态 59


状态 174

   89 RelExp: RelExp LEQ • AddExp

    FLOAT_CONST  偏移，并进入状态 46
    INT_CONST    偏移，并进入状态 47
    '('          偏移，并进入状态 48

    PrimaryExp  转到状态 131
    IntConst    转到状态 55
    FloatConst  转到状态 56
    MulExp      转到状态 57
    AddExp      转到状态 184
    ConstExp    转到状态 59


状态 175

   90 RelExp: RelExp GEQ • AddExp

    FLOAT_CONST  偏移，并进入状态 46
    INT_CONST    偏移，并进入状态 47
    '('          偏移，并进入状态 48

    PrimaryExp  转到状态 131
    IntConst    转到状态 55
    FloatConst  转到状态 56
    MulExp      转到状态 57
    AddExp      转到状态 185
    ConstExp    转到状态 59


状态 176

   87 RelExp: RelExp '<' • AddExp

    FLOAT_CONST  偏移，并进入状态 46
    INT_CONST    偏移，并进入状态 47
    '('          偏移，并进入状态 48

    PrimaryExp  转到状态 131
    IntConst    转到状态 55
    FloatConst  转到状态 56
    MulExp      转到状态 57
    AddExp      转到状态 186
    ConstExp    转到状态 59


状态 177

   88 RelExp: RelExp '>' • AddExp

    FLOAT_CONST  偏移，并进入状态 46
    INT_CONST    偏移，并进入状态 47
    '('          偏移，并进入状态 48

    PrimaryExp  转到状态 131
    IntConst    转到状态 55
    FloatConst  转到状态 56
    MulExp      转到状态 57
    AddExp      转到状态 187
    ConstExp    转到状态 59


状态 178

   92 EqExp: EqExp EQ • RelExp

    FLOAT_CONST  偏移，并进入状态 46
    INT_CONST    偏移，并进入状态 47
    '('          偏移，并进入状态 48

    PrimaryExp  转到状态 131
    IntConst    转到状态 55
    FloatConst  转到状态 56
    MulExp      转到状态 57
    AddExp      转到状态 161
    RelExp      转到状态 188
    ConstExp    转到状态 59


状态 179

   93 EqExp: EqExp NE • RelExp

    FLOAT_CONST  偏移，并进入状态 46
    INT_CONST    偏移，并进入状态 47
    '('          偏移，并进入状态 48

    PrimaryExp  转到状态 131
    IntConst    转到状态 55
    FloatConst  转到状态 56
    MulExp      转到状态 57
    AddExp      转到状态 161
    RelExp      转到状态 189
    ConstExp    转到状态 59


状态 180

   95 LAndExp: LAndExp AND • EqExp

    FLOAT_CONST  偏移，并进入状态 46
    INT_CONST    偏移，并进入状态 47
    '('          偏移，并进入状态 48

    PrimaryExp  转到状态 131
    IntConst    转到状态 55
    FloatConst  转到状态 56
    MulExp      转到状态 57
    AddExp      转到状态 161
    RelExp      转到状态 162
    EqExp       转到状态 190
    ConstExp    转到状态 59


状态 181

   97 LOrExp: LOrExp OR • LAndExp

    FLOAT_CONST  偏移，并进入状态 46
    INT_CONST    偏移，并进入状态 47
    '('          偏移，并进入状态 48

    PrimaryExp  转到状态 131
    IntConst    转到状态 55
    FloatConst  转到状态 56
    MulExp      转到状态 57
    AddExp      转到状态 161
    RelExp      转到状态 162
    EqExp       转到状态 163
    LAndExp     转到状态 191
    ConstExp    转到状态 59


状态 182

   54 Stmt: WHILE '(' Cond ')' • Stmt

    IDENT        偏移，并进入状态 104
    FLOAT_CONST  偏移，并进入状态 46
    INT_CONST    偏移，并进入状态 47
    IF           偏移，并进入状态 105
    WHILE        偏移，并进入状态 106
    RETURN       偏移，并进入状态 109
    BREAK        偏移，并进入状态 110
    CONTINUE     偏移，并进入状态 111
    '('          偏移，并进入状态 48
    '{'          偏移，并进入状态 77
    '+'          偏移，并进入状态 49
    '-'          偏移，并进入状态 50
    '!'          偏移，并进入状态 51

    Block       转到状态 114
    Stmt        转到状态 192
    Exp         转到状态 118
    UnaryExp    转到状态 53
    Lval        转到状态 119
    PrimaryExp  转到状态 54
    IntConst    转到状态 55
    FloatConst  转到状态 56
    MulExp      转到状态 57
    AddExp      转到状态 58
    ConstExp    转到状态 59


状态 183

   52 Stmt: IF '(' Cond ')' Stmt •
   53     | IF '(' Cond ')' Stmt • ELSE Stmt

    ELSE  偏移，并进入状态 193

    $default  使用规则 52 以归约 (Stmt)


状态 184

   84 AddExp: AddExp • '+' MulExp
   85       | AddExp • '-' MulExp
   89 RelExp: RelExp LEQ AddExp •

    '+'  偏移，并进入状态 91
    '-'  偏移，并进入状态 92

    $default  使用规则 89 以归约 (RelExp)


状态 185

   84 AddExp: AddExp • '+' MulExp
   85       | AddExp • '-' MulExp
   90 RelExp: RelExp GEQ AddExp •

    '+'  偏移，并进入状态 91
    '-'  偏移，并进入状态 92

    $default  使用规则 90 以归约 (RelExp)


状态 186

   84 AddExp: AddExp • '+' MulExp
   85       | AddExp • '-' MulExp
   87 RelExp: RelExp '<' AddExp •

    '+'  偏移，并进入状态 91
    '-'  偏移，并进入状态 92

    $default  使用规则 87 以归约 (RelExp)


状态 187

   84 AddExp: AddExp • '+' MulExp
   85       | AddExp • '-' MulExp
   88 RelExp: RelExp '>' AddExp •

    '+'  偏移，并进入状态 91
    '-'  偏移，并进入状态 92

    $default  使用规则 88 以归约 (RelExp)


状态 188

   87 RelExp: RelExp • '<' AddExp
   88       | RelExp • '>' AddExp
   89       | RelExp • LEQ AddExp
   90       | RelExp • GEQ AddExp
   92 EqExp: EqExp EQ RelExp •

    LEQ  偏移，并进入状态 174
    GEQ  偏移，并进入状态 175
    '<'  偏移，并进入状态 176
    '>'  偏移，并进入状态 177

    $default  使用规则 92 以归约 (EqExp)


状态 189

   87 RelExp: RelExp • '<' AddExp
   88       | RelExp • '>' AddExp
   89       | RelExp • LEQ AddExp
   90       | RelExp • GEQ AddExp
   93 EqExp: EqExp NE RelExp •

    LEQ  偏移，并进入状态 174
    GEQ  偏移，并进入状态 175
    '<'  偏移，并进入状态 176
    '>'  偏移，并进入状态 177

    $default  使用规则 93 以归约 (EqExp)


状态 190

   92 EqExp: EqExp • EQ RelExp
   93      | EqExp • NE RelExp
   95 LAndExp: LAndExp AND EqExp •

    EQ  偏移，并进入状态 178
    NE  偏移，并进入状态 179

    $default  使用规则 95 以归约 (LAndExp)


状态 191

   95 LAndExp: LAndExp • AND EqExp
   97 LOrExp: LOrExp OR LAndExp •

    AND  偏移，并进入状态 180

    $default  使用规则 97 以归约 (LOrExp)


状态 192

   54 Stmt: WHILE '(' Cond ')' Stmt •

    $default  使用规则 54 以归约 (Stmt)


状态 193

   53 Stmt: IF '(' Cond ')' Stmt ELSE • Stmt

    IDENT        偏移，并进入状态 104
    FLOAT_CONST  偏移，并进入状态 46
    INT_CONST    偏移，并进入状态 47
    IF           偏移，并进入状态 105
    WHILE        偏移，并进入状态 106
    RETURN       偏移，并进入状态 109
    BREAK        偏移，并进入状态 110
    CONTINUE     偏移，并进入状态 111
    '('          偏移，并进入状态 48
    '{'          偏移，并进入状态 77
    '+'          偏移，并进入状态 49
    '-'          偏移，并进入状态 50
    '!'          偏移，并进入状态 51

    Block       转到状态 114
    Stmt        转到状态 194
    Exp         转到状态 118
    UnaryExp    转到状态 53
    Lval        转到状态 119
    PrimaryExp  转到状态 54
    IntConst    转到状态 55
    FloatConst  转到状态 56
    MulExp      转到状态 57
    AddExp      转到状态 58
    ConstExp    转到状态 59


状态 194

   53 Stmt: IF '(' Cond ')' Stmt ELSE Stmt •

    $default  使用规则 53 以归约 (Stmt)
